<?xml version="1.0" encoding="UTF-8"?>
<!-- Generated by org.testng.reporters.JUnitReportReporter -->
<testsuite skipped="0" hostname="LAPTOP-N3ALFORJ" name="Selenium_Practice.CountLinks" tests="1" failures="0" timestamp="10 Mar 2018 19:19:43 GMT" time="7.476" errors="0">
  <testcase name="test3" time="7.476" classname="Selenium_Practice.CountLinks"/>
</testsuite> <!-- Selenium_Practice.CountLinks -->
